<?xml version="1.0" encoding="UTF-8"?>
<!-- Generated by org.testng.reporters.JUnitXMLReporter -->
<testsuite hostname="LAPTOP-8SPAFBE0" ignored="1" name="Default test" tests="4" failures="0" timestamp="09 Aug 2022 16:17:59 GMT" time="46.493" errors="0">
  <testcase name="TestCase1" time="3.821" classname="org.test.UnDosTresTest"/>
  <testcase name="TestCase2" time="27.464" classname="org.test.UnDosTresTest"/>
  <testcase name="test3" time="0.564" classname="org.test.UnDosTresTest"/>
  <testcase name="test5" time="3.797" classname="org.test.UnDosTresTest"/>
  <testcase name="test4" time="0.0" classname="org.test.UnDosTresTest">
    <ignored/>
  </testcase> <!-- test4 -->
</testsuite> <!-- Default test -->
