<?xml version="1.0" encoding="UTF-8"?>
<testng-results skipped="0" failed="0" ignored="1" total="5" passed="4">
  <reporter-output>
  </reporter-output>
  <suite name="Default suite" duration-ms="46493" started-at="2022-08-09T16:17:13Z" finished-at="2022-08-09T16:17:59Z">
    <groups>
    </groups>
    <test name="Default test" duration-ms="46493" started-at="2022-08-09T16:17:13Z" finished-at="2022-08-09T16:17:59Z">
      <class name="org.test.UnDosTresTest">
        <test-method status="PASS" signature="beforeTest()[pri:0, instance:org.test.UnDosTresTest@78c03f1f]" name="beforeTest" is-config="true" duration-ms="10779" started-at="2022-08-09T16:17:13Z" finished-at="2022-08-09T16:17:23Z">
          <reporter-output>
          </reporter-output>
        </test-method> <!-- beforeTest -->
        <test-method status="PASS" signature="TestCase1()[pri:0, instance:org.test.UnDosTresTest@78c03f1f]" name="TestCase1" duration-ms="3821" started-at="2022-08-09T16:17:23Z" finished-at="2022-08-09T16:17:27Z">
          <reporter-output>
          </reporter-output>
        </test-method> <!-- TestCase1 -->
        <test-method status="PASS" signature="TestCase2()[pri:0, instance:org.test.UnDosTresTest@78c03f1f]" name="TestCase2" duration-ms="27464" started-at="2022-08-09T16:17:27Z" finished-at="2022-08-09T16:17:55Z">
          <reporter-output>
          </reporter-output>
        </test-method> <!-- TestCase2 -->
        <test-method status="PASS" signature="test3()[pri:0, instance:org.test.UnDosTresTest@78c03f1f]" name="test3" duration-ms="564" started-at="2022-08-09T16:17:55Z" finished-at="2022-08-09T16:17:55Z">
          <reporter-output>
          </reporter-output>
        </test-method> <!-- test3 -->
        <test-method status="PASS" signature="test5()[pri:0, instance:org.test.UnDosTresTest@78c03f1f]" name="test5" duration-ms="3797" started-at="2022-08-09T16:17:55Z" finished-at="2022-08-09T16:17:59Z">
          <reporter-output>
          </reporter-output>
        </test-method> <!-- test5 -->
      </class> <!-- org.test.UnDosTresTest -->
    </test> <!-- Default test -->
  </suite> <!-- Default suite -->
</testng-results>
